Testsuite: HuffmanCodeTest
Tests run: 3, Failures: 3, Errors: 0, Skipped: 0, Time elapsed: 0.214 sec

Testcase: mapDecodeEncodeTest took 0.027 sec
	FAILED
expected:<[]> but was:<[unordered]>
junit.framework.AssertionFailedError: expected:<[]> but was:<[unordered]>
	at HuffmanCodeTest.mapDecodeEncodeTest(HuffmanCodeTest.java:92)

Testcase: tableDecodeEncodeTest took 0.003 sec
	FAILED
expected:<[]> but was:<[unordered]>
junit.framework.AssertionFailedError: expected:<[]> but was:<[unordered]>
	at HuffmanCodeTest.tableDecodeEncodeTest(HuffmanCodeTest.java:69)

Testcase: seededDecodeEncodeTest took 0.002 sec
	FAILED
expected:<[]> but was:<[unordered]>
junit.framework.AssertionFailedError: expected:<[]> but was:<[unordered]>
	at HuffmanCodeTest.seededDecodeEncodeTest(HuffmanCodeTest.java:115)

