<?xml version="1.0" encoding="UTF-8" ?>
<testsuite errors="0" failures="0" hostname="Seraphiel" name="WeightTest" skipped="0" tests="8" time="0.197" timestamp="2016-11-20T16:59:26">
  <properties>
[...]
</properties>
  <testcase classname="WeightTest" name="constructorTest" time="0.002" />
  <testcase classname="WeightTest" name="zeroConstructorException" time="0.0" />
  <testcase classname="WeightTest" name="compareToTest" time="0.0" />
  <testcase classname="WeightTest" name="getValueTest" time="0.0" />
  <testcase classname="WeightTest" name="equalsTest" time="0.0" />
  <testcase classname="WeightTest" name="toStringTest" time="0.0" />
  <testcase classname="WeightTest" name="hashCodeTest" time="0.0" />
  <testcase classname="WeightTest" name="negativeConstructorException" time="0.0" />
  <system-out><![CDATA[]]></system-out>
  <system-err><![CDATA[]]></system-err>
</testsuite>
