<?xml version="1.0" encoding="UTF-8" ?>
<testsuites>
  <testsuite errors="0" failures="0" hostname="Seraphiel" id="0" name="HuffmanCodeTest" package="" skipped="0" tests="4" time="0.254" timestamp="2016-10-23T01:16:44">
      <properties>
[...]
</properties>

      <testcase classname="HuffmanCodeTest" name="mapDecodeEncodeTest" time="0.02" />

      <testcase classname="HuffmanCodeTest" name="getCodeFromTableTest" time="0.019" />

      <testcase classname="HuffmanCodeTest" name="tableDecodeEncodeTest" time="0.005" />

      <testcase classname="HuffmanCodeTest" name="seededDecodeEncodeTest" time="0.004" />

      <system-out><![CDATA[]]></system-out>

      <system-err><![CDATA[]]></system-err>

  </testsuite>
  <testsuite errors="0" failures="0" hostname="Seraphiel" id="1" name="HuffmanTreeNodeValuesTest" package="" skipped="0" tests="9" time="0.254" timestamp="2016-10-23T01:16:45">
      <properties>
[...]
</properties>

      <testcase classname="HuffmanTreeNodeValuesTest" name="setFrequencyTest" time="0.002" />

      <testcase classname="HuffmanTreeNodeValuesTest" name="constructorTest" time="0.001" />

      <testcase classname="HuffmanTreeNodeValuesTest" name="getFrequencyTest" time="0.001" />

      <testcase classname="HuffmanTreeNodeValuesTest" name="getSymbolTest" time="0.0" />

      <testcase classname="HuffmanTreeNodeValuesTest" name="toStringTest" time="0.001" />

      <testcase classname="HuffmanTreeNodeValuesTest" name="setSymbolTest" time="0.0" />

      <testcase classname="HuffmanTreeNodeValuesTest" name="setCodeTest" time="0.0" />

      <testcase classname="HuffmanTreeNodeValuesTest" name="getCodeTest" time="0.0" />

      <testcase classname="HuffmanTreeNodeValuesTest" name="emptyConstructorTest" time="0.0" />

      <system-out><![CDATA[]]></system-out>

      <system-err><![CDATA[]]></system-err>

  </testsuite>
  <testsuite errors="0" failures="0" hostname="Seraphiel" id="2" name="HuffmanTreeTest" package="" skipped="0" tests="16" time="0.283" timestamp="2016-10-23T01:16:46">
      <properties>
[...]
</properties>

      <testcase classname="HuffmanTreeTest" name="setFrequencyTest" time="0.002" />

      <testcase classname="HuffmanTreeTest" name="compareToTest" time="0.001" />

      <testcase classname="HuffmanTreeTest" name="equalsInternalNodeTest" time="0.001" />

      <testcase classname="HuffmanTreeTest" name="leafNodeTest" time="0.001" />

      <testcase classname="HuffmanTreeTest" name="getFrequencyTest" time="0.0" />

      <testcase classname="HuffmanTreeTest" name="getSymbolTest" time="0.0" />

      <testcase classname="HuffmanTreeTest" name="internalNodeWithFrequencyTest" time="0.001" />

      <testcase classname="HuffmanTreeTest" name="equalsTest" time="0.0" />

      <testcase classname="HuffmanTreeTest" name="setSymbolTest" time="0.001" />

      <testcase classname="HuffmanTreeTest" name="internalNodeWithDataTest" time="0.0" />

      <testcase classname="HuffmanTreeTest" name="setCodeTest" time="0.0" />

      <testcase classname="HuffmanTreeTest" name="getCodeTest" time="0.0" />

      <testcase classname="HuffmanTreeTest" name="hashCodeTest" time="0.0" />

      <testcase classname="HuffmanTreeTest" name="equalsLeafTest" time="0.001" />

      <testcase classname="HuffmanTreeTest" name="internalNodeTest" time="0.0" />

      <testcase classname="HuffmanTreeTest" name="leafNodeWithParamTest" time="0.0" />

      <system-out><![CDATA[]]></system-out>

      <system-err><![CDATA[]]></system-err>

  </testsuite>
  <testsuite errors="0" failures="0" hostname="Seraphiel" id="3" name="StringOfBitsTest" package="" skipped="0" tests="24" time="0.376" timestamp="2016-10-23T01:16:47">
      <properties>
[...]
</properties>

      <testcase classname="StringOfBitsTest" name="constructorTest" time="0.003" />

      <testcase classname="StringOfBitsTest" name="appendBitStringZeroTest" time="0.001" />

      <testcase classname="StringOfBitsTest" name="appendBooleanOneTest" time="0.001" />

      <testcase classname="StringOfBitsTest" name="appendIntOneTest" time="0.0" />

      <testcase classname="StringOfBitsTest" name="intAtTest" time="0.0" />

      <testcase classname="StringOfBitsTest" name="appendCharOneTest" time="0.0" />

      <testcase classname="StringOfBitsTest" name="appendIntZeroTest" time="0.001" />

      <testcase classname="StringOfBitsTest" name="appendStringOneTest" time="0.001" />

      <testcase classname="StringOfBitsTest" name="copyConstructorTest" time="0.0" />

      <testcase classname="StringOfBitsTest" name="charAtTest" time="0.0" />

      <testcase classname="StringOfBitsTest" name="toStringTest" time="0.0" />

      <testcase classname="StringOfBitsTest" name="booleanAtNegativeIndexException" time="0.0" />

      <testcase classname="StringOfBitsTest" name="booleanAtIndexException" time="0.001" />

      <testcase classname="StringOfBitsTest" name="setBitAtTest" time="0.0" />

      <testcase classname="StringOfBitsTest" name="appendStringZeroTest" time="0.001" />

      <testcase classname="StringOfBitsTest" name="appendBitStringOneTest" time="0.002" />

      <testcase classname="StringOfBitsTest" name="charAtNegativeIndexException" time="0.001" />

      <testcase classname="StringOfBitsTest" name="booleanAtTest" time="0.0" />

      <testcase classname="StringOfBitsTest" name="intAtIndexException" time="0.0" />

      <testcase classname="StringOfBitsTest" name="appendBooleanZeroTest" time="0.0" />

      <testcase classname="StringOfBitsTest" name="appendCharZeroTest" time="0.0" />

      <testcase classname="StringOfBitsTest" name="intAtNegativeIndexException" time="0.0" />

      <testcase classname="StringOfBitsTest" name="emptyConstructorTest" time="0.0" />

      <testcase classname="StringOfBitsTest" name="charAtIndexException" time="0.0" />

      <system-out><![CDATA[]]></system-out>

      <system-err><![CDATA[]]></system-err>

  </testsuite>
</testsuites>
